<?xml version="1.0" encoding="UTF-8"?>
<testsuite xmlns:xsi="http://www.w3.org/2001/XMLSchema-instance" xsi:noNamespaceSchemaLocation="https://maven.apache.org/surefire/maven-surefire-plugin/xsd/surefire-test-report.xsd" version="3.0.2" name="dev.heinisch.template.MessagesIntegrationTest" time="5.722" tests="1" errors="0" skipped="0" failures="0">
  <properties>
[...]
</properties>
  <testcase name="testCreateMessage" classname="dev.heinisch.template.MessagesIntegrationTest" time="0.799">
    <system-out><![CDATA[19:18:31.831 [main] INFO org.testcontainers.images.PullPolicy -- Image pull policy will be performed by: DefaultPullPolicy()
19:18:31.833 [main] INFO org.testcontainers.utility.ImageNameSubstitutor -- Image name substitution will be performed by: DefaultImageNameSubstitutor (composite of 'ConfigurationFileImageNameSubstitutor' and 'PrefixingImageNameSubstitutor')
19:18:31.854 [main] INFO org.testcontainers.DockerClientFactory -- Testcontainers version: 1.20.5
19:18:31.958 [main] INFO org.testcontainers.dockerclient.DockerClientProviderStrategy -- Loaded org.testcontainers.dockerclient.UnixSocketClientProviderStrategy from ~/.testcontainers.properties, will try it first
19:18:32.127 [main] INFO org.testcontainers.dockerclient.DockerClientProviderStrategy -- Found Docker environment with local Unix socket (unix:///var/run/docker.sock)
19:18:32.128 [main] INFO org.testcontainers.DockerClientFactory -- Docker host IP address is localhost
19:18:32.144 [main] INFO org.testcontainers.DockerClientFactory -- Connected to docker: 
  Server Version: 24.0.6
  API Version: 1.43
  Operating System: Docker Desktop
  Total Memory: 7851 MB
19:18:32.160 [main] INFO tc.testcontainers/ryuk:0.11.0 -- Creating container for image: testcontainers/ryuk:0.11.0
19:18:32.372 [main] INFO org.testcontainers.utility.RegistryAuthLocator -- Credential helper/store (docker-credential-desktop) does not have credentials for https://index.docker.io/v1/
19:18:32.439 [main] INFO tc.testcontainers/ryuk:0.11.0 -- Container testcontainers/ryuk:0.11.0 is starting: f4aa0195d28edd5479ed52c57018d44bb02a0a68fc7b6a5d09f07c73dafcbb62
19:18:32.679 [main] INFO tc.testcontainers/ryuk:0.11.0 -- Container testcontainers/ryuk:0.11.0 started in PT0.519086S
19:18:32.684 [main] INFO org.testcontainers.utility.RyukResourceReaper -- Ryuk started - will monitor and terminate Testcontainers containers on JVM exit
19:18:32.684 [main] INFO org.testcontainers.DockerClientFactory -- Checking the system...
19:18:32.685 [main] INFO org.testcontainers.DockerClientFactory -- ✔︎ Docker server version should be at least 1.6.0
19:18:32.685 [main] INFO tc.postgres:15.2 -- Creating container for image: postgres:15.2
19:18:32.724 [main] INFO tc.postgres:15.2 -- Container postgres:15.2 is starting: 6c8c7a978e1ac1dd2505a7006c81c60210f9d84f13339eae85f9531884119f97
19:18:33.729 [main] INFO tc.postgres:15.2 -- Container postgres:15.2 started in PT1.043745S
19:18:33.730 [main] INFO tc.postgres:15.2 -- Container is started (JDBC URL: jdbc:postgresql://localhost:54546/test?loggerLevel=OFF)
19:18:33.777 [main] INFO org.springframework.test.context.support.AnnotationConfigContextLoaderUtils -- Could not detect default configuration classes for test class [dev.heinisch.template.MessagesIntegrationTest]: MessagesIntegrationTest does not declare any static, non-private, non-final, nested classes annotated with @Configuration.
19:18:33.830 [main] INFO org.springframework.boot.test.context.SpringBootTestContextBootstrapper -- Found @SpringBootConfiguration dev.heinisch.template.SpringApplication for test class dev.heinisch.template.MessagesIntegrationTest

  .   ____          _            __ _ _
 /\\ / ___'_ __ _ _(_)_ __  __ _ \ \ \ \
( ( )\___ | '_ | '_| | '_ \/ _` | \ \ \ \
 \\/  ___)| |_)| | | | | || (_| |  ) ) ) )
  '  |____| .__|_| |_|_| |_\__, | / / / /
 =========|_|==============|___/=/_/_/_/

 :: Spring Boot ::                (v3.4.2)

2025-02-28T19:18:34.186+08:00  INFO 65043 --- [Template Project] [           main] d.h.template.MessagesIntegrationTest     : Starting MessagesIntegrationTest using Java 21.0.3 with PID 65043 (started by alex in /Users/alex/Repos/TemplateSpringBootProject/integration-tests)
2025-02-28T19:18:34.187+08:00  INFO 65043 --- [Template Project] [           main] d.h.template.MessagesIntegrationTest     : No active profile set, falling back to 1 default profile: "default"
2025-02-28T19:18:34.458+08:00  INFO 65043 --- [Template Project] [           main] .s.d.r.c.RepositoryConfigurationDelegate : Bootstrapping Spring Data JPA repositories in DEFAULT mode.
2025-02-28T19:18:34.478+08:00  INFO 65043 --- [Template Project] [           main] .s.d.r.c.RepositoryConfigurationDelegate : Finished Spring Data repository scanning in 15 ms. Found 1 JPA repository interface.
2025-02-28T19:18:34.855+08:00  INFO 65043 --- [Template Project] [           main] o.s.b.w.embedded.tomcat.TomcatWebServer  : Tomcat initialized with port 0 (http)
2025-02-28T19:18:34.863+08:00  INFO 65043 --- [Template Project] [           main] o.apache.catalina.core.StandardService   : Starting service [Tomcat]
2025-02-28T19:18:34.863+08:00  INFO 65043 --- [Template Project] [           main] o.apache.catalina.core.StandardEngine    : Starting Servlet engine: [Apache Tomcat/10.1.34]
2025-02-28T19:18:34.900+08:00  INFO 65043 --- [Template Project] [           main] o.a.c.c.C.[Tomcat].[localhost].[/]       : Initializing Spring embedded WebApplicationContext
2025-02-28T19:18:34.901+08:00  INFO 65043 --- [Template Project] [           main] w.s.c.ServletWebServerApplicationContext : Root WebApplicationContext: initialization completed in 693 ms
2025-02-28T19:18:35.018+08:00  INFO 65043 --- [Template Project] [           main] com.zaxxer.hikari.HikariDataSource       : HikariPool-1 - Starting...
2025-02-28T19:18:35.143+08:00  INFO 65043 --- [Template Project] [           main] com.zaxxer.hikari.pool.HikariPool        : HikariPool-1 - Added connection org.postgresql.jdbc.PgConnection@27575bcd
2025-02-28T19:18:35.144+08:00  INFO 65043 --- [Template Project] [           main] com.zaxxer.hikari.HikariDataSource       : HikariPool-1 - Start completed.
2025-02-28T19:18:35.163+08:00  INFO 65043 --- [Template Project] [           main] org.flywaydb.core.FlywayExecutor         : Database: jdbc:postgresql://localhost:54546/test?loggerLevel=OFF (PostgreSQL 15.2)
2025-02-28T19:18:35.197+08:00  INFO 65043 --- [Template Project] [           main] o.f.c.i.s.JdbcTableSchemaHistory         : Schema history table "public"."flyway_schema_history" does not exist yet
2025-02-28T19:18:35.199+08:00  INFO 65043 --- [Template Project] [           main] o.f.core.internal.command.DbValidate     : Successfully validated 1 migration (execution time 00:00.013s)
2025-02-28T19:18:35.218+08:00  INFO 65043 --- [Template Project] [           main] o.f.c.i.s.JdbcTableSchemaHistory         : Creating Schema History table "public"."flyway_schema_history" ...
2025-02-28T19:18:35.301+08:00  INFO 65043 --- [Template Project] [           main] o.f.core.internal.command.DbMigrate      : Current version of schema "public": << Empty Schema >>
2025-02-28T19:18:35.309+08:00  INFO 65043 --- [Template Project] [           main] o.f.core.internal.command.DbMigrate      : Migrating schema "public" to version "1 - Initial Schema"
2025-02-28T19:18:35.329+08:00  INFO 65043 --- [Template Project] [           main] o.f.core.internal.command.DbMigrate      : Successfully applied 1 migration to schema "public", now at version v1 (execution time 00:00.011s)
2025-02-28T19:18:35.378+08:00  INFO 65043 --- [Template Project] [           main] o.hibernate.jpa.internal.util.LogHelper  : HHH000204: Processing PersistenceUnitInfo [name: default]
2025-02-28T19:18:35.410+08:00  INFO 65043 --- [Template Project] [           main] org.hibernate.Version                    : HHH000412: Hibernate ORM core version 6.6.5.Final
2025-02-28T19:18:35.426+08:00  INFO 65043 --- [Template Project] [           main] o.h.c.internal.RegionFactoryInitiator    : HHH000026: Second-level cache disabled
2025-02-28T19:18:35.518+08:00  INFO 65043 --- [Template Project] [           main] org.hibernate.orm.connections.pooling    : HHH10001005: Database info:
	Database JDBC URL [Connecting through datasource 'HikariDataSource (HikariPool-1)']
	Database driver: undefined/unknown
	Database version: 15.2
	Autocommit mode: undefined/unknown
	Isolation level: undefined/unknown
	Minimum pool size: undefined/unknown
	Maximum pool size: undefined/unknown
2025-02-28T19:18:35.622+08:00  INFO 65043 --- [Template Project] [           main] o.s.o.j.p.SpringPersistenceUnitInfo      : No LoadTimeWeaver setup: ignoring JPA class transformer
2025-02-28T19:18:36.065+08:00  INFO 65043 --- [Template Project] [           main] o.h.e.t.j.p.i.JtaPlatformInitiator       : HHH000489: No JTA platform available (set 'hibernate.transaction.jta.platform' to enable JTA platform integration)
2025-02-28T19:18:36.066+08:00  INFO 65043 --- [Template Project] [           main] j.LocalContainerEntityManagerFactoryBean : Initialized JPA EntityManagerFactory for persistence unit 'default'
2025-02-28T19:18:36.236+08:00  WARN 65043 --- [Template Project] [           main] JpaBaseConfiguration$JpaWebConfiguration : spring.jpa.open-in-view is enabled by default. Therefore, database queries may be performed during view rendering. Explicitly configure spring.jpa.open-in-view to disable this warning
2025-02-28T19:18:36.363+08:00  WARN 65043 --- [Template Project] [           main] o.s.b.a.m.MustacheAutoConfiguration      : Cannot find template location: classpath:/templates/ (please add some templates, check your Mustache configuration, or set spring.mustache.check-template-location=false)
2025-02-28T19:18:36.522+08:00  INFO 65043 --- [Template Project] [           main] o.s.b.w.embedded.tomcat.TomcatWebServer  : Tomcat started on port 54557 (http) with context path '/'
2025-02-28T19:18:36.528+08:00  INFO 65043 --- [Template Project] [           main] d.h.template.MessagesIntegrationTest     : Started MessagesIntegrationTest in 2.48 seconds (process running for 5.044)
2025-02-28T19:18:37.159+08:00  INFO 65043 --- [Template Project] [o-auto-1-exec-1] o.a.c.c.C.[Tomcat].[localhost].[/]       : Initializing Spring DispatcherServlet 'dispatcherServlet'
2025-02-28T19:18:37.159+08:00  INFO 65043 --- [Template Project] [o-auto-1-exec-1] o.s.web.servlet.DispatcherServlet        : Initializing Servlet 'dispatcherServlet'
2025-02-28T19:18:37.160+08:00  INFO 65043 --- [Template Project] [o-auto-1-exec-1] o.s.web.servlet.DispatcherServlet        : Completed initialization in 1 ms
2025-02-28T19:18:37.220+08:00  INFO 65043 --- [Template Project] [o-auto-1-exec-1] d.h.template.endpoint.MessageEndpoint    : POST /messages [request-body: class MessageCreateRequest {
    text: Hello
}]
Hibernate: select nextval('message_seq')
Hibernate: insert into message (text,id) values (?,?)
]]></system-out>
    <system-err><![CDATA[SLF4J(W): Class path contains multiple SLF4J providers.
SLF4J(W): Found provider [ch.qos.logback.classic.spi.LogbackServiceProvider@15ca7889]
SLF4J(W): Found provider [org.slf4j.simple.SimpleServiceProvider@7a675056]
SLF4J(W): See https://www.slf4j.org/codes.html#multiple_bindings for an explanation.
SLF4J(I): Actual provider is of type [ch.qos.logback.classic.spi.LogbackServiceProvider@15ca7889]
Mockito is currently self-attaching to enable the inline-mock-maker. This will no longer work in future releases of the JDK. Please add Mockito as an agent to your build what is described in Mockito's documentation: https://javadoc.io/doc/org.mockito/mockito-core/latest/org/mockito/Mockito.html#0.3
WARNING: A Java agent has been loaded dynamically (/Users/alex/.m2/repository/net/bytebuddy/byte-buddy-agent/1.15.11/byte-buddy-agent-1.15.11.jar)
WARNING: If a serviceability tool is in use, please run with -XX:+EnableDynamicAgentLoading to hide this warning
WARNING: If a serviceability tool is not in use, please run with -Djdk.instrument.traceUsage for more information
WARNING: Dynamic loading of agents will be disallowed by default in a future release
]]></system-err>
  </testcase>
</testsuite>